2022-10-09 21:27:44,840  INFO [main] Shubh2:39 - browser is opened
2022-10-09 21:27:44,983  INFO [main] Shubh2:42 - browser is maximized
2022-10-09 21:27:46,689  INFO [main] Shubh2:45 - SauceDemo URL is opened
2022-10-09 21:27:47,214  INFO [main] Shubh2:55 - username is entered
2022-10-09 21:27:47,316  INFO [main] Shubh2:57 - Password is entered
2022-10-09 21:27:47,668  INFO [main] Shubh2:59 - Clicked on login button
2022-10-09 21:27:48,028  INFO [main] Shubh2:13 - apply the validation
2022-10-09 21:27:48,522  INFO [main] Shubh2:67 - browser is closed
2022-10-09 21:27:48,522  INFO [main] Shubh2:68 - end of Program
2022-10-09 21:27:52,587  INFO [main] Shubh2:39 - browser is opened
2022-10-09 21:27:52,718  INFO [main] Shubh2:42 - browser is maximized
2022-10-09 21:27:53,926  INFO [main] Shubh2:45 - SauceDemo URL is opened
2022-10-09 21:27:54,245  INFO [main] Shubh2:55 - username is entered
2022-10-09 21:27:54,343  INFO [main] Shubh2:57 - Password is entered
2022-10-09 21:27:54,563  INFO [main] Shubh2:59 - Clicked on login button
2022-10-09 21:27:54,805  INFO [main] Shubh2:11 - apply the validation
2022-10-09 21:27:55,164  INFO [main] Shubh2:67 - browser is closed
2022-10-09 21:27:55,165  INFO [main] Shubh2:68 - end of Program
2022-10-09 21:27:58,800  INFO [main] Shubh2:39 - browser is opened
2022-10-09 21:27:58,938  INFO [main] Shubh2:42 - browser is maximized
2022-10-09 21:27:59,877  INFO [main] Shubh2:45 - SauceDemo URL is opened
2022-10-09 21:28:00,204  INFO [main] Shubh2:55 - username is entered
2022-10-09 21:28:00,317  INFO [main] Shubh2:57 - Password is entered
2022-10-09 21:28:00,558  INFO [main] Shubh2:59 - Clicked on login button
2022-10-09 21:28:00,968  INFO [main] Shubh2:18 - Bag product will get selected
2022-10-09 21:28:01,295  INFO [main] Shubh2:67 - browser is closed
2022-10-09 21:28:01,296  INFO [main] Shubh2:68 - end of Program
2022-10-09 21:28:05,044  INFO [main] Shubh2:39 - browser is opened
2022-10-09 21:28:05,174  INFO [main] Shubh2:42 - browser is maximized
2022-10-09 21:28:06,092  INFO [main] Shubh2:45 - SauceDemo URL is opened
2022-10-09 21:28:06,378  INFO [main] Shubh2:55 - username is entered
2022-10-09 21:28:06,499  INFO [main] Shubh2:57 - Password is entered
2022-10-09 21:28:06,714  INFO [main] Shubh2:59 - Clicked on login button
2022-10-09 21:28:07,218  INFO [main] Shubh2:18 - All products will get selected
2022-10-09 21:28:07,248  INFO [main] Shubh2:24 - actual product->6
2022-10-09 21:28:07,248  INFO [main] Shubh2:26 - apply validation
2022-10-09 21:28:07,545  INFO [main] Shubh2:67 - browser is closed
2022-10-09 21:28:07,546  INFO [main] Shubh2:68 - end of Program
2022-10-12 18:14:18,100  INFO [main] Shubh2:39 - browser is opened
2022-10-12 18:14:18,242  INFO [main] Shubh2:42 - browser is maximized
2022-10-12 18:14:19,677  INFO [main] Shubh2:45 - SauceDemo URL is opened
2022-10-12 18:14:20,136  INFO [main] Shubh2:55 - username is entered
2022-10-12 18:14:20,243  INFO [main] Shubh2:57 - Password is entered
2022-10-12 18:14:20,540  INFO [main] Shubh2:59 - Clicked on login button
2022-10-12 18:14:20,814  INFO [main] Shubh2:13 - apply the validation
2022-10-12 18:14:21,281  INFO [main] Shubh2:67 - browser is closed
2022-10-12 18:14:21,281  INFO [main] Shubh2:68 - end of Program
2022-10-12 18:14:25,632  INFO [main] Shubh2:39 - browser is opened
2022-10-12 18:14:25,757  INFO [main] Shubh2:42 - browser is maximized
2022-10-12 18:14:26,831  INFO [main] Shubh2:45 - SauceDemo URL is opened
2022-10-12 18:14:27,111  INFO [main] Shubh2:55 - username is entered
2022-10-12 18:14:27,229  INFO [main] Shubh2:57 - Password is entered
2022-10-12 18:14:27,474  INFO [main] Shubh2:59 - Clicked on login button
2022-10-12 18:14:27,666  INFO [main] Shubh2:11 - apply the validation
2022-10-12 18:14:28,062  INFO [main] Shubh2:67 - browser is closed
2022-10-12 18:14:28,062  INFO [main] Shubh2:68 - end of Program
2022-10-12 18:14:34,213  INFO [main] Shubh2:39 - browser is opened
2022-10-12 18:14:34,355  INFO [main] Shubh2:42 - browser is maximized
2022-10-12 18:14:35,283  INFO [main] Shubh2:45 - SauceDemo URL is opened
2022-10-12 18:14:35,558  INFO [main] Shubh2:55 - username is entered
2022-10-12 18:14:35,683  INFO [main] Shubh2:57 - Password is entered
2022-10-12 18:14:35,904  INFO [main] Shubh2:59 - Clicked on login button
2022-10-12 18:14:36,285  INFO [main] Shubh2:18 - Bag product will get selected
2022-10-12 18:14:36,734  INFO [main] Shubh2:67 - browser is closed
2022-10-12 18:14:36,735  INFO [main] Shubh2:68 - end of Program
2022-10-12 18:14:40,750  INFO [main] Shubh2:39 - browser is opened
2022-10-12 18:14:40,877  INFO [main] Shubh2:42 - browser is maximized
2022-10-12 18:14:42,019  INFO [main] Shubh2:45 - SauceDemo URL is opened
2022-10-12 18:14:42,295  INFO [main] Shubh2:55 - username is entered
2022-10-12 18:14:42,419  INFO [main] Shubh2:57 - Password is entered
2022-10-12 18:14:42,642  INFO [main] Shubh2:59 - Clicked on login button
2022-10-12 18:14:43,189  INFO [main] Shubh2:18 - All products will get selected
2022-10-12 18:14:43,218  INFO [main] Shubh2:24 - actual product->6
2022-10-12 18:14:43,219  INFO [main] Shubh2:26 - apply validation
2022-10-12 18:14:43,616  INFO [main] Shubh2:67 - browser is closed
2022-10-12 18:14:43,616  INFO [main] Shubh2:68 - end of Program
2022-10-14 21:52:03,976  INFO [main] Shubh2:39 - browser is opened
2022-10-14 21:52:04,131  INFO [main] Shubh2:42 - browser is maximized
2022-10-14 21:52:05,919  INFO [main] Shubh2:45 - SauceDemo URL is opened
2022-10-14 21:52:06,508  INFO [main] Shubh2:55 - username is entered
2022-10-14 21:52:06,653  INFO [main] Shubh2:57 - Password is entered
2022-10-14 21:52:07,020  INFO [main] Shubh2:59 - Clicked on login button
2022-10-14 21:52:07,289  INFO [main] Shubh2:13 - apply the validation
2022-10-14 21:52:07,992  INFO [main] Shubh2:67 - browser is closed
2022-10-14 21:52:07,994  INFO [main] Shubh2:68 - end of Program
2022-10-14 21:52:12,463  INFO [main] Shubh2:39 - browser is opened
2022-10-14 21:52:12,596  INFO [main] Shubh2:42 - browser is maximized
2022-10-14 21:52:14,117  INFO [main] Shubh2:45 - SauceDemo URL is opened
2022-10-14 21:52:14,502  INFO [main] Shubh2:55 - username is entered
2022-10-14 21:52:14,662  INFO [main] Shubh2:57 - Password is entered
2022-10-14 21:52:14,999  INFO [main] Shubh2:59 - Clicked on login button
2022-10-14 21:52:15,196  INFO [main] Shubh2:11 - apply the validation
2022-10-14 21:52:15,833  INFO [main] Shubh2:67 - browser is closed
2022-10-14 21:52:15,833  INFO [main] Shubh2:68 - end of Program
2022-10-14 21:52:19,936  INFO [main] Shubh2:39 - browser is opened
2022-10-14 21:52:20,071  INFO [main] Shubh2:42 - browser is maximized
2022-10-14 21:52:21,063  INFO [main] Shubh2:45 - SauceDemo URL is opened
2022-10-14 21:52:21,486  INFO [main] Shubh2:55 - username is entered
2022-10-14 21:52:21,598  INFO [main] Shubh2:57 - Password is entered
2022-10-14 21:52:21,865  INFO [main] Shubh2:59 - Clicked on login button
2022-10-14 21:52:22,330  INFO [main] Shubh2:18 - Bag product will get selected
2022-10-14 21:52:22,756  INFO [main] Shubh2:67 - browser is closed
2022-10-14 21:52:22,756  INFO [main] Shubh2:68 - end of Program
2022-10-14 21:52:26,753  INFO [main] Shubh2:39 - browser is opened
2022-10-14 21:52:26,878  INFO [main] Shubh2:42 - browser is maximized
2022-10-14 21:52:27,968  INFO [main] Shubh2:45 - SauceDemo URL is opened
2022-10-14 21:52:28,277  INFO [main] Shubh2:55 - username is entered
2022-10-14 21:52:28,408  INFO [main] Shubh2:57 - Password is entered
2022-10-14 21:52:28,678  INFO [main] Shubh2:59 - Clicked on login button
2022-10-14 21:52:29,235  INFO [main] Shubh2:18 - All products will get selected
2022-10-14 21:52:29,266  INFO [main] Shubh2:24 - actual product->6
2022-10-14 21:52:29,266  INFO [main] Shubh2:26 - apply validation
2022-10-14 21:52:29,723  INFO [main] Shubh2:67 - browser is closed
2022-10-14 21:52:29,724  INFO [main] Shubh2:68 - end of Program
2022-10-30 18:47:02,554  INFO [main] Shubh2:39 - browser is opened
2022-10-30 18:47:02,808  INFO [main] Shubh2:42 - browser is maximized
2022-10-30 18:47:04,297  INFO [main] Shubh2:45 - SauceDemo URL is opened
2022-10-30 18:47:04,809  INFO [main] Shubh2:55 - username is entered
2022-10-30 18:47:04,961  INFO [main] Shubh2:57 - Password is entered
2022-10-30 18:47:05,347  INFO [main] Shubh2:59 - Clicked on login button
2022-10-30 18:47:05,765  INFO [main] Shubh2:13 - apply the validation
2022-10-30 18:47:06,635  INFO [main] Shubh2:67 - browser is closed
2022-10-30 18:47:06,635  INFO [main] Shubh2:68 - end of Program
2022-10-30 18:47:09,401  INFO [main] Shubh2:39 - browser is opened
2022-10-30 18:47:09,537  INFO [main] Shubh2:42 - browser is maximized
2022-10-30 18:47:10,432  INFO [main] Shubh2:45 - SauceDemo URL is opened
2022-10-30 18:47:10,771  INFO [main] Shubh2:55 - username is entered
2022-10-30 18:47:10,915  INFO [main] Shubh2:57 - Password is entered
2022-10-30 18:47:11,321  INFO [main] Shubh2:59 - Clicked on login button
2022-10-30 18:47:11,572  INFO [main] Shubh2:11 - apply the validation
2022-10-30 18:47:12,374  INFO [main] Shubh2:67 - browser is closed
2022-10-30 18:47:12,374  INFO [main] Shubh2:68 - end of Program
2022-10-30 18:47:14,865  INFO [main] Shubh2:39 - browser is opened
2022-10-30 18:47:14,988  INFO [main] Shubh2:42 - browser is maximized
2022-10-30 18:47:15,818  INFO [main] Shubh2:45 - SauceDemo URL is opened
2022-10-30 18:47:16,123  INFO [main] Shubh2:55 - username is entered
2022-10-30 18:47:16,266  INFO [main] Shubh2:57 - Password is entered
2022-10-30 18:47:16,517  INFO [main] Shubh2:59 - Clicked on login button
2022-10-30 18:47:16,797  INFO [main] Shubh2:18 - Bag product will get selected
2022-10-30 18:47:17,238  INFO [main] Shubh2:67 - browser is closed
2022-10-30 18:47:17,239  INFO [main] Shubh2:68 - end of Program
2022-10-30 18:47:19,347  INFO [main] Shubh2:39 - browser is opened
2022-10-30 18:47:19,480  INFO [main] Shubh2:42 - browser is maximized
2022-10-30 18:47:24,394  INFO [main] Shubh2:45 - SauceDemo URL is opened
2022-10-30 18:47:24,712  INFO [main] Shubh2:55 - username is entered
2022-10-30 18:47:24,849  INFO [main] Shubh2:57 - Password is entered
2022-10-30 18:47:25,140  INFO [main] Shubh2:59 - Clicked on login button
2022-10-30 18:47:25,691  INFO [main] Shubh2:18 - All products will get selected
2022-10-30 18:47:25,722  INFO [main] Shubh2:24 - actual product->6
2022-10-30 18:47:25,722  INFO [main] Shubh2:26 - apply validation
2022-10-30 18:47:26,205  INFO [main] Shubh2:67 - browser is closed
2022-10-30 18:47:26,205  INFO [main] Shubh2:68 - end of Program
